2025-12-03 04:38:21 INFO  o.h.validator.internal.util.Version - HV000001: Hibernate Validator 8.0.1.Final
2025-12-03 04:38:21 INFO  i.b.A.AuthGatewayApplication - Starting AuthGatewayApplication using Java 24.0.1 with PID 6640 (E:\AuthGateway\AuthGateway\target\classes started by Bharat in E:\AuthGateway\AuthGateway)
2025-12-03 04:38:21 INFO  i.b.A.AuthGatewayApplication - The following 1 profile is active: "dev"
2025-12-03 04:38:25 INFO  o.s.cloud.context.scope.GenericScope - BeanFactory id=c4aa57d5-6593-3118-b920-2433bdbbdac7
2025-12-03 04:38:25 WARN  o.s.c.s.PostProcessorRegistrationDelegate$BeanPostProcessorChecker - Bean 'org.springframework.cloud.client.loadbalancer.LoadBalancerAutoConfiguration$DeferringLoadBalancerInterceptorConfig' of type [org.springframework.cloud.client.loadbalancer.LoadBalancerAutoConfiguration$DeferringLoadBalancerInterceptorConfig] is not eligible for getting processed by all BeanPostProcessors (for example: not eligible for auto-proxying). The currently created BeanPostProcessor [lbRestClientPostProcessor] is declared through a non-static factory method on that class; consider declaring it as static instead.
2025-12-03 04:38:25 WARN  o.s.c.s.PostProcessorRegistrationDelegate$BeanPostProcessorChecker - Bean 'deferringLoadBalancerInterceptor' of type [org.springframework.cloud.client.loadbalancer.DeferringLoadBalancerInterceptor] is not eligible for getting processed by all BeanPostProcessors (for example: not eligible for auto-proxying). Is this bean getting eagerly injected into a currently created BeanPostProcessor [lbRestClientPostProcessor]? Check the corresponding BeanPostProcessor declaration and its dependencies.
2025-12-03 04:38:26 WARN  o.s.c.s.PostProcessorRegistrationDelegate$BeanPostProcessorChecker - Bean 'org.springframework.cloud.client.loadbalancer.reactive.LoadBalancerBeanPostProcessorAutoConfiguration' of type [org.springframework.cloud.client.loadbalancer.reactive.LoadBalancerBeanPostProcessorAutoConfiguration] is not eligible for getting processed by all BeanPostProcessors (for example: not eligible for auto-proxying). The currently created BeanPostProcessor [loadBalancerWebClientBuilderBeanPostProcessor] is declared through a non-static factory method on that class; consider declaring it as static instead.
2025-12-03 04:38:26 WARN  o.s.c.s.PostProcessorRegistrationDelegate$BeanPostProcessorChecker - Bean 'org.springframework.cloud.client.loadbalancer.reactive.LoadBalancerBeanPostProcessorAutoConfiguration$ReactorDeferringLoadBalancerFilterConfig' of type [org.springframework.cloud.client.loadbalancer.reactive.LoadBalancerBeanPostProcessorAutoConfiguration$ReactorDeferringLoadBalancerFilterConfig] is not eligible for getting processed by all BeanPostProcessors (for example: not eligible for auto-proxying). Is this bean getting eagerly injected into a currently created BeanPostProcessor [loadBalancerWebClientBuilderBeanPostProcessor]? Check the corresponding BeanPostProcessor declaration and its dependencies.
2025-12-03 04:38:26 WARN  o.s.c.s.PostProcessorRegistrationDelegate$BeanPostProcessorChecker - Bean 'reactorDeferringLoadBalancerExchangeFilterFunction' of type [org.springframework.cloud.client.loadbalancer.reactive.DeferringLoadBalancerExchangeFilterFunction] is not eligible for getting processed by all BeanPostProcessors (for example: not eligible for auto-proxying). Is this bean getting eagerly injected into a currently created BeanPostProcessor [loadBalancerWebClientBuilderBeanPostProcessor]? Check the corresponding BeanPostProcessor declaration and its dependencies.
2025-12-03 04:38:28 INFO  o.s.c.g.r.RouteDefinitionRouteLocator - Loaded RoutePredicateFactory [After]
2025-12-03 04:38:28 INFO  o.s.c.g.r.RouteDefinitionRouteLocator - Loaded RoutePredicateFactory [Before]
2025-12-03 04:38:28 INFO  o.s.c.g.r.RouteDefinitionRouteLocator - Loaded RoutePredicateFactory [Between]
2025-12-03 04:38:28 INFO  o.s.c.g.r.RouteDefinitionRouteLocator - Loaded RoutePredicateFactory [Cookie]
2025-12-03 04:38:28 INFO  o.s.c.g.r.RouteDefinitionRouteLocator - Loaded RoutePredicateFactory [Header]
2025-12-03 04:38:28 INFO  o.s.c.g.r.RouteDefinitionRouteLocator - Loaded RoutePredicateFactory [Host]
2025-12-03 04:38:28 INFO  o.s.c.g.r.RouteDefinitionRouteLocator - Loaded RoutePredicateFactory [Method]
2025-12-03 04:38:28 INFO  o.s.c.g.r.RouteDefinitionRouteLocator - Loaded RoutePredicateFactory [Path]
2025-12-03 04:38:28 INFO  o.s.c.g.r.RouteDefinitionRouteLocator - Loaded RoutePredicateFactory [Query]
2025-12-03 04:38:28 INFO  o.s.c.g.r.RouteDefinitionRouteLocator - Loaded RoutePredicateFactory [ReadBody]
2025-12-03 04:38:28 INFO  o.s.c.g.r.RouteDefinitionRouteLocator - Loaded RoutePredicateFactory [RemoteAddr]
2025-12-03 04:38:28 INFO  o.s.c.g.r.RouteDefinitionRouteLocator - Loaded RoutePredicateFactory [XForwardedRemoteAddr]
2025-12-03 04:38:28 INFO  o.s.c.g.r.RouteDefinitionRouteLocator - Loaded RoutePredicateFactory [Weight]
2025-12-03 04:38:28 INFO  o.s.c.g.r.RouteDefinitionRouteLocator - Loaded RoutePredicateFactory [CloudFoundryRouteService]
2025-12-03 04:38:29 INFO  o.s.b.a.e.web.EndpointLinksResolver - Exposing 27 endpoints beneath base path '/actuator'
2025-12-03 04:38:29 INFO  o.s.b.a.s.r.ReactiveUserDetailsServiceAutoConfiguration - 

Using generated security password: c043a1f6-02ce-4428-9c0b-fdef3c593200

2025-12-03 04:38:30 INFO  o.s.c.n.e.c.DiscoveryClientOptionalArgsConfiguration - Eureka HTTP Client uses RestTemplate.
2025-12-03 04:38:30 WARN  o.s.c.l.c.LoadBalancerCacheAutoConfiguration$LoadBalancerCaffeineWarnLogger - Spring Cloud LoadBalancer is currently working with the default cache. While this cache implementation is useful for development and tests, it's recommended to use Caffeine cache in production.You can switch to using Caffeine cache, by adding it and org.springframework.cache.caffeine.CaffeineCacheManager to the classpath.
2025-12-03 04:38:31 INFO  o.s.c.n.eureka.InstanceInfoFactory - Setting initial instance status as: STARTING
2025-12-03 04:38:31 INFO  c.netflix.discovery.DiscoveryClient - Initializing Eureka in region us-east-1
2025-12-03 04:38:31 INFO  c.n.d.s.r.aws.ConfigClusterResolver - Resolving eureka endpoints via configuration
2025-12-03 04:38:31 INFO  c.netflix.discovery.DiscoveryClient - Disable delta property : false
2025-12-03 04:38:31 INFO  c.netflix.discovery.DiscoveryClient - Single vip registry refresh property : null
2025-12-03 04:38:31 INFO  c.netflix.discovery.DiscoveryClient - Force full registry fetch : false
2025-12-03 04:38:31 INFO  c.netflix.discovery.DiscoveryClient - Application is null : false
2025-12-03 04:38:31 INFO  c.netflix.discovery.DiscoveryClient - Registered Applications size is zero : true
2025-12-03 04:38:31 INFO  c.netflix.discovery.DiscoveryClient - Application version is -1: true
2025-12-03 04:38:31 INFO  c.netflix.discovery.DiscoveryClient - Getting all instance registry info from the eureka server
2025-12-03 04:38:32 INFO  c.netflix.discovery.DiscoveryClient - The response status is 200
2025-12-03 04:38:32 INFO  c.netflix.discovery.DiscoveryClient - Starting heartbeat executor: renew interval is: 30
2025-12-03 04:38:32 INFO  c.n.discovery.InstanceInfoReplicator - InstanceInfoReplicator onDemand update allowed rate per min is 4
2025-12-03 04:38:32 INFO  c.netflix.discovery.DiscoveryClient - Discovery Client initialized at timestamp 1764716912251 with initial instances count: 0
2025-12-03 04:38:32 INFO  o.s.c.n.e.s.EurekaServiceRegistry - Registering application AUTHGATEWAY with eureka with status UP
2025-12-03 04:38:32 INFO  c.netflix.discovery.DiscoveryClient - Saw local status change event StatusChangeEvent [timestamp=1764716912261, current=UP, previous=STARTING]
2025-12-03 04:38:32 INFO  c.netflix.discovery.DiscoveryClient - DiscoveryClient_AUTHGATEWAY/DESKTOP-CSO2FPO.mshome.net:AuthGateway:8686: registering service...
2025-12-03 04:38:32 INFO  c.netflix.discovery.DiscoveryClient - DiscoveryClient_AUTHGATEWAY/DESKTOP-CSO2FPO.mshome.net:AuthGateway:8686 - registration status: 204
2025-12-03 04:38:32 INFO  o.s.b.w.e.netty.NettyWebServer - Netty started on port 8686 (http)
2025-12-03 04:38:32 INFO  o.s.c.n.e.s.EurekaAutoServiceRegistration - Updating port to 8686
2025-12-03 04:38:32 INFO  i.b.A.AuthGatewayApplication - Started AuthGatewayApplication in 12.405 seconds (process running for 14.099)
2025-12-03 04:39:02 INFO  c.netflix.discovery.DiscoveryClient - Disable delta property : false
2025-12-03 04:39:02 INFO  c.netflix.discovery.DiscoveryClient - Single vip registry refresh property : null
2025-12-03 04:39:02 INFO  c.netflix.discovery.DiscoveryClient - Force full registry fetch : false
2025-12-03 04:39:02 INFO  c.netflix.discovery.DiscoveryClient - Application is null : false
2025-12-03 04:39:02 INFO  c.netflix.discovery.DiscoveryClient - Registered Applications size is zero : true
2025-12-03 04:39:02 INFO  c.netflix.discovery.DiscoveryClient - Application version is -1: false
2025-12-03 04:39:02 INFO  c.netflix.discovery.DiscoveryClient - Getting all instance registry info from the eureka server
2025-12-03 04:39:02 INFO  c.netflix.discovery.DiscoveryClient - The response status is 200
2025-12-03 04:40:10 INFO  o.s.c.n.e.s.EurekaServiceRegistry - Unregistering application AUTHGATEWAY with eureka with status DOWN
2025-12-03 04:40:10 INFO  c.netflix.discovery.DiscoveryClient - Saw local status change event StatusChangeEvent [timestamp=1764717010153, current=DOWN, previous=UP]
2025-12-03 04:40:10 INFO  c.netflix.discovery.DiscoveryClient - DiscoveryClient_AUTHGATEWAY/DESKTOP-CSO2FPO.mshome.net:AuthGateway:8686: registering service...
2025-12-03 04:40:10 INFO  c.netflix.discovery.DiscoveryClient - DiscoveryClient_AUTHGATEWAY/DESKTOP-CSO2FPO.mshome.net:AuthGateway:8686 - registration status: 204
2025-12-03 04:40:12 INFO  c.netflix.discovery.DiscoveryClient - Shutting down DiscoveryClient ...
2025-12-03 04:40:15 INFO  c.netflix.discovery.DiscoveryClient - Unregistering ...
2025-12-03 04:40:15 INFO  c.netflix.discovery.DiscoveryClient - DiscoveryClient_AUTHGATEWAY/DESKTOP-CSO2FPO.mshome.net:AuthGateway:8686 - deregister  status: 200
2025-12-03 04:40:15 INFO  c.netflix.discovery.DiscoveryClient - Completed shut down of DiscoveryClient
2025-12-03 04:40:20 INFO  o.h.validator.internal.util.Version - HV000001: Hibernate Validator 8.0.1.Final
2025-12-03 04:40:20 INFO  i.b.A.AuthGatewayApplication - Starting AuthGatewayApplication using Java 24.0.1 with PID 12312 (E:\AuthGateway\AuthGateway\target\classes started by Bharat in E:\AuthGateway\AuthGateway)
2025-12-03 04:40:20 INFO  i.b.A.AuthGatewayApplication - The following 1 profile is active: "dev"
2025-12-03 04:40:24 INFO  o.s.cloud.context.scope.GenericScope - BeanFactory id=c4aa57d5-6593-3118-b920-2433bdbbdac7
2025-12-03 04:40:24 WARN  o.s.c.s.PostProcessorRegistrationDelegate$BeanPostProcessorChecker - Bean 'org.springframework.cloud.client.loadbalancer.LoadBalancerAutoConfiguration$DeferringLoadBalancerInterceptorConfig' of type [org.springframework.cloud.client.loadbalancer.LoadBalancerAutoConfiguration$DeferringLoadBalancerInterceptorConfig] is not eligible for getting processed by all BeanPostProcessors (for example: not eligible for auto-proxying). The currently created BeanPostProcessor [lbRestClientPostProcessor] is declared through a non-static factory method on that class; consider declaring it as static instead.
2025-12-03 04:40:24 WARN  o.s.c.s.PostProcessorRegistrationDelegate$BeanPostProcessorChecker - Bean 'deferringLoadBalancerInterceptor' of type [org.springframework.cloud.client.loadbalancer.DeferringLoadBalancerInterceptor] is not eligible for getting processed by all BeanPostProcessors (for example: not eligible for auto-proxying). Is this bean getting eagerly injected into a currently created BeanPostProcessor [lbRestClientPostProcessor]? Check the corresponding BeanPostProcessor declaration and its dependencies.
2025-12-03 04:40:24 WARN  o.s.c.s.PostProcessorRegistrationDelegate$BeanPostProcessorChecker - Bean 'org.springframework.cloud.client.loadbalancer.reactive.LoadBalancerBeanPostProcessorAutoConfiguration' of type [org.springframework.cloud.client.loadbalancer.reactive.LoadBalancerBeanPostProcessorAutoConfiguration] is not eligible for getting processed by all BeanPostProcessors (for example: not eligible for auto-proxying). The currently created BeanPostProcessor [loadBalancerWebClientBuilderBeanPostProcessor] is declared through a non-static factory method on that class; consider declaring it as static instead.
2025-12-03 04:40:24 WARN  o.s.c.s.PostProcessorRegistrationDelegate$BeanPostProcessorChecker - Bean 'org.springframework.cloud.client.loadbalancer.reactive.LoadBalancerBeanPostProcessorAutoConfiguration$ReactorDeferringLoadBalancerFilterConfig' of type [org.springframework.cloud.client.loadbalancer.reactive.LoadBalancerBeanPostProcessorAutoConfiguration$ReactorDeferringLoadBalancerFilterConfig] is not eligible for getting processed by all BeanPostProcessors (for example: not eligible for auto-proxying). Is this bean getting eagerly injected into a currently created BeanPostProcessor [loadBalancerWebClientBuilderBeanPostProcessor]? Check the corresponding BeanPostProcessor declaration and its dependencies.
2025-12-03 04:40:24 WARN  o.s.c.s.PostProcessorRegistrationDelegate$BeanPostProcessorChecker - Bean 'reactorDeferringLoadBalancerExchangeFilterFunction' of type [org.springframework.cloud.client.loadbalancer.reactive.DeferringLoadBalancerExchangeFilterFunction] is not eligible for getting processed by all BeanPostProcessors (for example: not eligible for auto-proxying). Is this bean getting eagerly injected into a currently created BeanPostProcessor [loadBalancerWebClientBuilderBeanPostProcessor]? Check the corresponding BeanPostProcessor declaration and its dependencies.
2025-12-03 04:40:28 INFO  o.s.c.g.r.RouteDefinitionRouteLocator - Loaded RoutePredicateFactory [After]
2025-12-03 04:40:28 INFO  o.s.c.g.r.RouteDefinitionRouteLocator - Loaded RoutePredicateFactory [Before]
2025-12-03 04:40:28 INFO  o.s.c.g.r.RouteDefinitionRouteLocator - Loaded RoutePredicateFactory [Between]
2025-12-03 04:40:28 INFO  o.s.c.g.r.RouteDefinitionRouteLocator - Loaded RoutePredicateFactory [Cookie]
2025-12-03 04:40:28 INFO  o.s.c.g.r.RouteDefinitionRouteLocator - Loaded RoutePredicateFactory [Header]
2025-12-03 04:40:28 INFO  o.s.c.g.r.RouteDefinitionRouteLocator - Loaded RoutePredicateFactory [Host]
2025-12-03 04:40:28 INFO  o.s.c.g.r.RouteDefinitionRouteLocator - Loaded RoutePredicateFactory [Method]
2025-12-03 04:40:28 INFO  o.s.c.g.r.RouteDefinitionRouteLocator - Loaded RoutePredicateFactory [Path]
2025-12-03 04:40:28 INFO  o.s.c.g.r.RouteDefinitionRouteLocator - Loaded RoutePredicateFactory [Query]
2025-12-03 04:40:28 INFO  o.s.c.g.r.RouteDefinitionRouteLocator - Loaded RoutePredicateFactory [ReadBody]
2025-12-03 04:40:28 INFO  o.s.c.g.r.RouteDefinitionRouteLocator - Loaded RoutePredicateFactory [RemoteAddr]
2025-12-03 04:40:28 INFO  o.s.c.g.r.RouteDefinitionRouteLocator - Loaded RoutePredicateFactory [XForwardedRemoteAddr]
2025-12-03 04:40:28 INFO  o.s.c.g.r.RouteDefinitionRouteLocator - Loaded RoutePredicateFactory [Weight]
2025-12-03 04:40:28 INFO  o.s.c.g.r.RouteDefinitionRouteLocator - Loaded RoutePredicateFactory [CloudFoundryRouteService]
2025-12-03 04:40:29 INFO  o.s.b.a.e.web.EndpointLinksResolver - Exposing 27 endpoints beneath base path '/actuator'
2025-12-03 04:40:29 INFO  o.s.b.a.s.r.ReactiveUserDetailsServiceAutoConfiguration - 

Using generated security password: a7af58b0-45fe-4515-9490-4303dab41cdf

2025-12-03 04:40:30 INFO  o.s.c.n.e.c.DiscoveryClientOptionalArgsConfiguration - Eureka HTTP Client uses RestTemplate.
2025-12-03 04:40:30 WARN  o.s.c.l.c.LoadBalancerCacheAutoConfiguration$LoadBalancerCaffeineWarnLogger - Spring Cloud LoadBalancer is currently working with the default cache. While this cache implementation is useful for development and tests, it's recommended to use Caffeine cache in production.You can switch to using Caffeine cache, by adding it and org.springframework.cache.caffeine.CaffeineCacheManager to the classpath.
2025-12-03 04:40:30 INFO  o.s.c.n.eureka.InstanceInfoFactory - Setting initial instance status as: STARTING
2025-12-03 04:40:30 INFO  c.netflix.discovery.DiscoveryClient - Initializing Eureka in region us-east-1
2025-12-03 04:40:30 INFO  c.n.d.s.r.aws.ConfigClusterResolver - Resolving eureka endpoints via configuration
2025-12-03 04:40:31 INFO  c.netflix.discovery.DiscoveryClient - Disable delta property : false
2025-12-03 04:40:31 INFO  c.netflix.discovery.DiscoveryClient - Single vip registry refresh property : null
2025-12-03 04:40:31 INFO  c.netflix.discovery.DiscoveryClient - Force full registry fetch : false
2025-12-03 04:40:31 INFO  c.netflix.discovery.DiscoveryClient - Application is null : false
2025-12-03 04:40:31 INFO  c.netflix.discovery.DiscoveryClient - Registered Applications size is zero : true
2025-12-03 04:40:31 INFO  c.netflix.discovery.DiscoveryClient - Application version is -1: true
2025-12-03 04:40:31 INFO  c.netflix.discovery.DiscoveryClient - Getting all instance registry info from the eureka server
2025-12-03 04:40:32 INFO  c.netflix.discovery.DiscoveryClient - The response status is 200
2025-12-03 04:40:32 INFO  c.netflix.discovery.DiscoveryClient - Starting heartbeat executor: renew interval is: 30
2025-12-03 04:40:32 INFO  c.n.discovery.InstanceInfoReplicator - InstanceInfoReplicator onDemand update allowed rate per min is 4
2025-12-03 04:40:32 INFO  c.netflix.discovery.DiscoveryClient - Discovery Client initialized at timestamp 1764717032146 with initial instances count: 1
2025-12-03 04:40:32 INFO  o.s.c.n.e.s.EurekaServiceRegistry - Registering application AUTHGATEWAY with eureka with status UP
2025-12-03 04:40:32 INFO  c.netflix.discovery.DiscoveryClient - Saw local status change event StatusChangeEvent [timestamp=1764717032162, current=UP, previous=STARTING]
2025-12-03 04:40:32 INFO  c.netflix.discovery.DiscoveryClient - DiscoveryClient_AUTHGATEWAY/DESKTOP-CSO2FPO.mshome.net:AuthGateway:8686: registering service...
2025-12-03 04:40:32 INFO  c.netflix.discovery.DiscoveryClient - DiscoveryClient_AUTHGATEWAY/DESKTOP-CSO2FPO.mshome.net:AuthGateway:8686 - registration status: 204
2025-12-03 04:40:32 INFO  o.s.b.w.e.netty.NettyWebServer - Netty started on port 8686 (http)
2025-12-03 04:40:32 INFO  o.s.c.n.e.s.EurekaAutoServiceRegistration - Updating port to 8686
2025-12-03 04:40:32 INFO  i.b.A.AuthGatewayApplication - Started AuthGatewayApplication in 13.46 seconds (process running for 15.245)
2025-12-03 04:45:31 INFO  c.n.d.s.r.aws.ConfigClusterResolver - Resolving eureka endpoints via configuration
2025-12-03 04:50:31 INFO  c.n.d.s.r.aws.ConfigClusterResolver - Resolving eureka endpoints via configuration
2025-12-03 04:55:31 INFO  c.n.d.s.r.aws.ConfigClusterResolver - Resolving eureka endpoints via configuration
2025-12-03 04:59:34 INFO  o.s.c.n.e.s.EurekaServiceRegistry - Unregistering application AUTHGATEWAY with eureka with status DOWN
2025-12-03 04:59:34 INFO  c.netflix.discovery.DiscoveryClient - Saw local status change event StatusChangeEvent [timestamp=1764718174714, current=DOWN, previous=UP]
2025-12-03 04:59:34 INFO  c.netflix.discovery.DiscoveryClient - DiscoveryClient_AUTHGATEWAY/DESKTOP-CSO2FPO.mshome.net:AuthGateway:8686: registering service...
2025-12-03 04:59:34 INFO  c.netflix.discovery.DiscoveryClient - DiscoveryClient_AUTHGATEWAY/DESKTOP-CSO2FPO.mshome.net:AuthGateway:8686 - registration status: 204
2025-12-03 04:59:36 INFO  c.netflix.discovery.DiscoveryClient - Shutting down DiscoveryClient ...
2025-12-03 04:59:39 INFO  c.netflix.discovery.DiscoveryClient - Unregistering ...
2025-12-03 04:59:39 INFO  c.netflix.discovery.DiscoveryClient - DiscoveryClient_AUTHGATEWAY/DESKTOP-CSO2FPO.mshome.net:AuthGateway:8686 - deregister  status: 200
2025-12-03 04:59:39 INFO  c.netflix.discovery.DiscoveryClient - Completed shut down of DiscoveryClient
2025-12-03 18:14:58 INFO  o.h.validator.internal.util.Version - HV000001: Hibernate Validator 8.0.1.Final
2025-12-03 18:14:58 INFO  i.b.A.AuthGatewayApplication - Starting AuthGatewayApplication using Java 24.0.1 with PID 15704 (E:\AuthGateway\AuthGateway\target\classes started by Bharat in E:\AuthGateway\AuthGateway)
2025-12-03 18:14:58 INFO  i.b.A.AuthGatewayApplication - The following 1 profile is active: "dev"
2025-12-03 18:15:02 INFO  o.s.cloud.context.scope.GenericScope - BeanFactory id=4a330967-6589-36f3-b420-c4a10c511600
2025-12-03 18:15:02 WARN  o.s.c.s.PostProcessorRegistrationDelegate$BeanPostProcessorChecker - Bean 'org.springframework.cloud.client.loadbalancer.LoadBalancerAutoConfiguration$DeferringLoadBalancerInterceptorConfig' of type [org.springframework.cloud.client.loadbalancer.LoadBalancerAutoConfiguration$DeferringLoadBalancerInterceptorConfig] is not eligible for getting processed by all BeanPostProcessors (for example: not eligible for auto-proxying). The currently created BeanPostProcessor [lbRestClientPostProcessor] is declared through a non-static factory method on that class; consider declaring it as static instead.
2025-12-03 18:15:02 WARN  o.s.c.s.PostProcessorRegistrationDelegate$BeanPostProcessorChecker - Bean 'deferringLoadBalancerInterceptor' of type [org.springframework.cloud.client.loadbalancer.DeferringLoadBalancerInterceptor] is not eligible for getting processed by all BeanPostProcessors (for example: not eligible for auto-proxying). Is this bean getting eagerly injected into a currently created BeanPostProcessor [lbRestClientPostProcessor]? Check the corresponding BeanPostProcessor declaration and its dependencies.
2025-12-03 18:15:02 WARN  o.s.c.s.PostProcessorRegistrationDelegate$BeanPostProcessorChecker - Bean 'org.springframework.cloud.client.loadbalancer.reactive.LoadBalancerBeanPostProcessorAutoConfiguration' of type [org.springframework.cloud.client.loadbalancer.reactive.LoadBalancerBeanPostProcessorAutoConfiguration] is not eligible for getting processed by all BeanPostProcessors (for example: not eligible for auto-proxying). The currently created BeanPostProcessor [loadBalancerWebClientBuilderBeanPostProcessor] is declared through a non-static factory method on that class; consider declaring it as static instead.
2025-12-03 18:15:02 WARN  o.s.c.s.PostProcessorRegistrationDelegate$BeanPostProcessorChecker - Bean 'org.springframework.cloud.client.loadbalancer.reactive.LoadBalancerBeanPostProcessorAutoConfiguration$ReactorDeferringLoadBalancerFilterConfig' of type [org.springframework.cloud.client.loadbalancer.reactive.LoadBalancerBeanPostProcessorAutoConfiguration$ReactorDeferringLoadBalancerFilterConfig] is not eligible for getting processed by all BeanPostProcessors (for example: not eligible for auto-proxying). Is this bean getting eagerly injected into a currently created BeanPostProcessor [loadBalancerWebClientBuilderBeanPostProcessor]? Check the corresponding BeanPostProcessor declaration and its dependencies.
2025-12-03 18:15:02 WARN  o.s.c.s.PostProcessorRegistrationDelegate$BeanPostProcessorChecker - Bean 'reactorDeferringLoadBalancerExchangeFilterFunction' of type [org.springframework.cloud.client.loadbalancer.reactive.DeferringLoadBalancerExchangeFilterFunction] is not eligible for getting processed by all BeanPostProcessors (for example: not eligible for auto-proxying). Is this bean getting eagerly injected into a currently created BeanPostProcessor [loadBalancerWebClientBuilderBeanPostProcessor]? Check the corresponding BeanPostProcessor declaration and its dependencies.
2025-12-03 18:15:04 INFO  o.s.c.g.r.RouteDefinitionRouteLocator - Loaded RoutePredicateFactory [After]
2025-12-03 18:15:04 INFO  o.s.c.g.r.RouteDefinitionRouteLocator - Loaded RoutePredicateFactory [Before]
2025-12-03 18:15:04 INFO  o.s.c.g.r.RouteDefinitionRouteLocator - Loaded RoutePredicateFactory [Between]
2025-12-03 18:15:04 INFO  o.s.c.g.r.RouteDefinitionRouteLocator - Loaded RoutePredicateFactory [Cookie]
2025-12-03 18:15:04 INFO  o.s.c.g.r.RouteDefinitionRouteLocator - Loaded RoutePredicateFactory [Header]
2025-12-03 18:15:04 INFO  o.s.c.g.r.RouteDefinitionRouteLocator - Loaded RoutePredicateFactory [Host]
2025-12-03 18:15:04 INFO  o.s.c.g.r.RouteDefinitionRouteLocator - Loaded RoutePredicateFactory [Method]
2025-12-03 18:15:04 INFO  o.s.c.g.r.RouteDefinitionRouteLocator - Loaded RoutePredicateFactory [Path]
2025-12-03 18:15:04 INFO  o.s.c.g.r.RouteDefinitionRouteLocator - Loaded RoutePredicateFactory [Query]
2025-12-03 18:15:04 INFO  o.s.c.g.r.RouteDefinitionRouteLocator - Loaded RoutePredicateFactory [ReadBody]
2025-12-03 18:15:04 INFO  o.s.c.g.r.RouteDefinitionRouteLocator - Loaded RoutePredicateFactory [RemoteAddr]
2025-12-03 18:15:04 INFO  o.s.c.g.r.RouteDefinitionRouteLocator - Loaded RoutePredicateFactory [XForwardedRemoteAddr]
2025-12-03 18:15:04 INFO  o.s.c.g.r.RouteDefinitionRouteLocator - Loaded RoutePredicateFactory [Weight]
2025-12-03 18:15:04 INFO  o.s.c.g.r.RouteDefinitionRouteLocator - Loaded RoutePredicateFactory [CloudFoundryRouteService]
2025-12-03 18:15:05 INFO  o.s.b.a.e.web.EndpointLinksResolver - Exposing 27 endpoints beneath base path '/actuator'
2025-12-03 18:15:06 INFO  o.s.c.n.e.c.DiscoveryClientOptionalArgsConfiguration - Eureka HTTP Client uses RestTemplate.
2025-12-03 18:15:06 WARN  o.s.c.l.c.LoadBalancerCacheAutoConfiguration$LoadBalancerCaffeineWarnLogger - Spring Cloud LoadBalancer is currently working with the default cache. While this cache implementation is useful for development and tests, it's recommended to use Caffeine cache in production.You can switch to using Caffeine cache, by adding it and org.springframework.cache.caffeine.CaffeineCacheManager to the classpath.
2025-12-03 18:15:07 INFO  o.s.c.n.eureka.InstanceInfoFactory - Setting initial instance status as: STARTING
2025-12-03 18:15:07 INFO  c.netflix.discovery.DiscoveryClient - Initializing Eureka in region us-east-1
2025-12-03 18:15:07 INFO  c.n.d.s.r.aws.ConfigClusterResolver - Resolving eureka endpoints via configuration
2025-12-03 18:15:07 INFO  c.netflix.discovery.DiscoveryClient - Disable delta property : false
2025-12-03 18:15:07 INFO  c.netflix.discovery.DiscoveryClient - Single vip registry refresh property : null
2025-12-03 18:15:07 INFO  c.netflix.discovery.DiscoveryClient - Force full registry fetch : false
2025-12-03 18:15:07 INFO  c.netflix.discovery.DiscoveryClient - Application is null : false
2025-12-03 18:15:07 INFO  c.netflix.discovery.DiscoveryClient - Registered Applications size is zero : true
2025-12-03 18:15:07 INFO  c.netflix.discovery.DiscoveryClient - Application version is -1: true
2025-12-03 18:15:07 INFO  c.netflix.discovery.DiscoveryClient - Getting all instance registry info from the eureka server
2025-12-03 18:15:08 INFO  c.netflix.discovery.DiscoveryClient - The response status is 200
2025-12-03 18:15:08 INFO  c.netflix.discovery.DiscoveryClient - Starting heartbeat executor: renew interval is: 30
2025-12-03 18:15:08 INFO  c.n.discovery.InstanceInfoReplicator - InstanceInfoReplicator onDemand update allowed rate per min is 4
2025-12-03 18:15:08 INFO  c.netflix.discovery.DiscoveryClient - Discovery Client initialized at timestamp 1764765908714 with initial instances count: 0
2025-12-03 18:15:08 INFO  o.s.c.n.e.s.EurekaServiceRegistry - Registering application AUTHGATEWAY with eureka with status UP
2025-12-03 18:15:08 INFO  c.netflix.discovery.DiscoveryClient - Saw local status change event StatusChangeEvent [timestamp=1764765908725, current=UP, previous=STARTING]
2025-12-03 18:15:08 INFO  c.netflix.discovery.DiscoveryClient - DiscoveryClient_AUTHGATEWAY/DESKTOP-CSO2FPO.mshome.net:AuthGateway:8686: registering service...
2025-12-03 18:15:09 INFO  c.netflix.discovery.DiscoveryClient - DiscoveryClient_AUTHGATEWAY/DESKTOP-CSO2FPO.mshome.net:AuthGateway:8686 - registration status: 204
2025-12-03 18:15:09 INFO  o.s.b.w.e.netty.NettyWebServer - Netty started on port 8686 (http)
2025-12-03 18:15:09 INFO  o.s.c.n.e.s.EurekaAutoServiceRegistration - Updating port to 8686
2025-12-03 18:15:09 INFO  i.b.A.AuthGatewayApplication - Started AuthGatewayApplication in 12.168 seconds (process running for 14.416)
2025-12-03 18:15:38 INFO  c.netflix.discovery.DiscoveryClient - Disable delta property : false
2025-12-03 18:15:38 INFO  c.netflix.discovery.DiscoveryClient - Single vip registry refresh property : null
2025-12-03 18:15:38 INFO  c.netflix.discovery.DiscoveryClient - Force full registry fetch : false
2025-12-03 18:15:38 INFO  c.netflix.discovery.DiscoveryClient - Application is null : false
2025-12-03 18:15:38 INFO  c.netflix.discovery.DiscoveryClient - Registered Applications size is zero : true
2025-12-03 18:15:38 INFO  c.netflix.discovery.DiscoveryClient - Application version is -1: false
2025-12-03 18:15:38 INFO  c.netflix.discovery.DiscoveryClient - Getting all instance registry info from the eureka server
2025-12-03 18:15:38 INFO  c.netflix.discovery.DiscoveryClient - The response status is 200
2025-12-03 18:16:15 INFO  i.b.A.AuthController.AuthController - User Service called
2025-12-03 18:16:39 ERROR o.s.b.a.w.r.e.AbstractErrorWebExceptionHandler - [f5d51a14-2]  500 Server Error for HTTP POST "/recommendservice/api/recommend"
java.net.UnknownHostException: Failed to resolve 'DESKTOP-CSO2FPO.mshome.net' [A(1)] after 2 queries 
	at io.netty.resolver.dns.DnsResolveContext.finishResolve(DnsResolveContext.java:1151)
	Suppressed: reactor.core.publisher.FluxOnAssembly$OnAssemblyException: 
Error has been observed at the following site(s):
	*__checkpoint ⇢ org.springframework.cloud.gateway.filter.WeightCalculatorWebFilter [DefaultWebFilterChain]
	*__checkpoint ⇢ HTTP POST "/recommendservice/api/recommend" [ExceptionHandlingWebHandler]
Original Stack Trace:
		at io.netty.resolver.dns.DnsResolveContext.finishResolve(DnsResolveContext.java:1151)
		at io.netty.resolver.dns.DnsResolveContext.tryToFinishResolve(DnsResolveContext.java:1098)
		at io.netty.resolver.dns.DnsResolveContext.query(DnsResolveContext.java:457)
		at io.netty.resolver.dns.DnsResolveContext.onResponse(DnsResolveContext.java:688)
		at io.netty.resolver.dns.DnsResolveContext.access$500(DnsResolveContext.java:69)
		at io.netty.resolver.dns.DnsResolveContext$2.operationComplete(DnsResolveContext.java:515)
		at io.netty.util.concurrent.DefaultPromise.notifyListener0(DefaultPromise.java:590)
		at io.netty.util.concurrent.DefaultPromise.notifyListeners0(DefaultPromise.java:583)
		at io.netty.util.concurrent.DefaultPromise.notifyListenersNow(DefaultPromise.java:559)
		at io.netty.util.concurrent.DefaultPromise.notifyListeners(DefaultPromise.java:492)
		at io.netty.util.concurrent.DefaultPromise.setValue0(DefaultPromise.java:636)
		at io.netty.util.concurrent.DefaultPromise.setSuccess0(DefaultPromise.java:625)
		at io.netty.util.concurrent.DefaultPromise.trySuccess(DefaultPromise.java:105)
		at io.netty.resolver.dns.DnsQueryContext.trySuccess(DnsQueryContext.java:345)
		at io.netty.resolver.dns.DnsQueryContext.finishSuccess(DnsQueryContext.java:336)
		at io.netty.resolver.dns.DnsNameResolver$DnsResponseHandler.channelRead(DnsNameResolver.java:1401)
		at io.netty.channel.AbstractChannelHandlerContext.invokeChannelRead(AbstractChannelHandlerContext.java:444)
		at io.netty.channel.AbstractChannelHandlerContext.invokeChannelRead(AbstractChannelHandlerContext.java:420)
		at io.netty.channel.AbstractChannelHandlerContext.fireChannelRead(AbstractChannelHandlerContext.java:412)
		at io.netty.handler.codec.MessageToMessageDecoder.channelRead(MessageToMessageDecoder.java:103)
		at io.netty.channel.AbstractChannelHandlerContext.invokeChannelRead(AbstractChannelHandlerContext.java:444)
		at io.netty.channel.AbstractChannelHandlerContext.invokeChannelRead(AbstractChannelHandlerContext.java:420)
		at io.netty.channel.AbstractChannelHandlerContext.fireChannelRead(AbstractChannelHandlerContext.java:412)
		at io.netty.channel.DefaultChannelPipeline$HeadContext.channelRead(DefaultChannelPipeline.java:1357)
		at io.netty.channel.AbstractChannelHandlerContext.invokeChannelRead(AbstractChannelHandlerContext.java:440)
		at io.netty.channel.AbstractChannelHandlerContext.invokeChannelRead(AbstractChannelHandlerContext.java:420)
		at io.netty.channel.DefaultChannelPipeline.fireChannelRead(DefaultChannelPipeline.java:868)
		at io.netty.channel.nio.AbstractNioMessageChannel$NioMessageUnsafe.read(AbstractNioMessageChannel.java:97)
		at io.netty.channel.nio.NioEventLoop.processSelectedKey(NioEventLoop.java:788)
		at io.netty.channel.nio.NioEventLoop.processSelectedKeysOptimized(NioEventLoop.java:724)
		at io.netty.channel.nio.NioEventLoop.processSelectedKeys(NioEventLoop.java:650)
		at io.netty.channel.nio.NioEventLoop.run(NioEventLoop.java:562)
		at io.netty.util.concurrent.SingleThreadEventExecutor$4.run(SingleThreadEventExecutor.java:997)
		at io.netty.util.internal.ThreadExecutorMap$2.run(ThreadExecutorMap.java:74)
		at io.netty.util.concurrent.FastThreadLocalRunnable.run(FastThreadLocalRunnable.java:30)
		at java.base/java.lang.Thread.run(Thread.java:1447)
Caused by: io.netty.resolver.dns.DnsErrorCauseException: Query failed with NXDOMAIN
	at io.netty.resolver.dns.DnsResolveContext.onResponse(..)(Unknown Source)
2025-12-03 18:16:58 ERROR o.s.b.a.w.r.e.AbstractErrorWebExceptionHandler - [f5d51a14-3]  500 Server Error for HTTP POST "/recommendservice/api/recommend"
java.net.UnknownHostException: Failed to resolve 'DESKTOP-CSO2FPO.mshome.net' [A(1)] after 2 queries 
	at io.netty.resolver.dns.DnsResolveContext.finishResolve(DnsResolveContext.java:1151)
	Suppressed: reactor.core.publisher.FluxOnAssembly$OnAssemblyException: 
Error has been observed at the following site(s):
	*__checkpoint ⇢ org.springframework.cloud.gateway.filter.WeightCalculatorWebFilter [DefaultWebFilterChain]
	*__checkpoint ⇢ HTTP POST "/recommendservice/api/recommend" [ExceptionHandlingWebHandler]
Original Stack Trace:
		at io.netty.resolver.dns.DnsResolveContext.finishResolve(DnsResolveContext.java:1151)
		at io.netty.resolver.dns.DnsResolveContext.tryToFinishResolve(DnsResolveContext.java:1098)
		at io.netty.resolver.dns.DnsResolveContext.query(DnsResolveContext.java:457)
		at io.netty.resolver.dns.DnsResolveContext.onResponse(DnsResolveContext.java:688)
		at io.netty.resolver.dns.DnsResolveContext.access$500(DnsResolveContext.java:69)
		at io.netty.resolver.dns.DnsResolveContext$2.operationComplete(DnsResolveContext.java:515)
		at io.netty.util.concurrent.DefaultPromise.notifyListener0(DefaultPromise.java:590)
		at io.netty.util.concurrent.DefaultPromise.notifyListeners0(DefaultPromise.java:583)
		at io.netty.util.concurrent.DefaultPromise.notifyListenersNow(DefaultPromise.java:559)
		at io.netty.util.concurrent.DefaultPromise.notifyListeners(DefaultPromise.java:492)
		at io.netty.util.concurrent.DefaultPromise.setValue0(DefaultPromise.java:636)
		at io.netty.util.concurrent.DefaultPromise.setSuccess0(DefaultPromise.java:625)
		at io.netty.util.concurrent.DefaultPromise.trySuccess(DefaultPromise.java:105)
		at io.netty.resolver.dns.DnsQueryContext.trySuccess(DnsQueryContext.java:345)
		at io.netty.resolver.dns.DnsQueryContext.finishSuccess(DnsQueryContext.java:336)
		at io.netty.resolver.dns.DnsNameResolver$DnsResponseHandler.channelRead(DnsNameResolver.java:1401)
		at io.netty.channel.AbstractChannelHandlerContext.invokeChannelRead(AbstractChannelHandlerContext.java:444)
		at io.netty.channel.AbstractChannelHandlerContext.invokeChannelRead(AbstractChannelHandlerContext.java:420)
		at io.netty.channel.AbstractChannelHandlerContext.fireChannelRead(AbstractChannelHandlerContext.java:412)
		at io.netty.handler.codec.MessageToMessageDecoder.channelRead(MessageToMessageDecoder.java:103)
		at io.netty.channel.AbstractChannelHandlerContext.invokeChannelRead(AbstractChannelHandlerContext.java:444)
		at io.netty.channel.AbstractChannelHandlerContext.invokeChannelRead(AbstractChannelHandlerContext.java:420)
		at io.netty.channel.AbstractChannelHandlerContext.fireChannelRead(AbstractChannelHandlerContext.java:412)
		at io.netty.channel.DefaultChannelPipeline$HeadContext.channelRead(DefaultChannelPipeline.java:1357)
		at io.netty.channel.AbstractChannelHandlerContext.invokeChannelRead(AbstractChannelHandlerContext.java:440)
		at io.netty.channel.AbstractChannelHandlerContext.invokeChannelRead(AbstractChannelHandlerContext.java:420)
		at io.netty.channel.DefaultChannelPipeline.fireChannelRead(DefaultChannelPipeline.java:868)
		at io.netty.channel.nio.AbstractNioMessageChannel$NioMessageUnsafe.read(AbstractNioMessageChannel.java:97)
		at io.netty.channel.nio.NioEventLoop.processSelectedKey(NioEventLoop.java:788)
		at io.netty.channel.nio.NioEventLoop.processSelectedKeysOptimized(NioEventLoop.java:724)
		at io.netty.channel.nio.NioEventLoop.processSelectedKeys(NioEventLoop.java:650)
		at io.netty.channel.nio.NioEventLoop.run(NioEventLoop.java:562)
		at io.netty.util.concurrent.SingleThreadEventExecutor$4.run(SingleThreadEventExecutor.java:997)
		at io.netty.util.internal.ThreadExecutorMap$2.run(ThreadExecutorMap.java:74)
		at io.netty.util.concurrent.FastThreadLocalRunnable.run(FastThreadLocalRunnable.java:30)
		at java.base/java.lang.Thread.run(Thread.java:1447)
Caused by: io.netty.resolver.dns.DnsErrorCauseException: Query failed with NXDOMAIN
	at io.netty.resolver.dns.DnsResolveContext.onResponse(..)(Unknown Source)
2025-12-03 18:18:42 ERROR o.s.b.a.w.r.e.AbstractErrorWebExceptionHandler - [d16f62f3-4]  500 Server Error for HTTP POST "/recommendservice/api/recommend"
java.net.UnknownHostException: Failed to resolve 'DESKTOP-CSO2FPO.mshome.net' [A(1)] after 2 queries 
	at io.netty.resolver.dns.DnsResolveContext.finishResolve(DnsResolveContext.java:1151)
	Suppressed: reactor.core.publisher.FluxOnAssembly$OnAssemblyException: 
Error has been observed at the following site(s):
	*__checkpoint ⇢ org.springframework.cloud.gateway.filter.WeightCalculatorWebFilter [DefaultWebFilterChain]
	*__checkpoint ⇢ HTTP POST "/recommendservice/api/recommend" [ExceptionHandlingWebHandler]
Original Stack Trace:
		at io.netty.resolver.dns.DnsResolveContext.finishResolve(DnsResolveContext.java:1151)
		at io.netty.resolver.dns.DnsResolveContext.tryToFinishResolve(DnsResolveContext.java:1098)
		at io.netty.resolver.dns.DnsResolveContext.query(DnsResolveContext.java:457)
		at io.netty.resolver.dns.DnsResolveContext.onResponse(DnsResolveContext.java:688)
		at io.netty.resolver.dns.DnsResolveContext.access$500(DnsResolveContext.java:69)
		at io.netty.resolver.dns.DnsResolveContext$2.operationComplete(DnsResolveContext.java:515)
		at io.netty.util.concurrent.DefaultPromise.notifyListener0(DefaultPromise.java:590)
		at io.netty.util.concurrent.DefaultPromise.notifyListeners0(DefaultPromise.java:583)
		at io.netty.util.concurrent.DefaultPromise.notifyListenersNow(DefaultPromise.java:559)
		at io.netty.util.concurrent.DefaultPromise.notifyListeners(DefaultPromise.java:492)
		at io.netty.util.concurrent.DefaultPromise.setValue0(DefaultPromise.java:636)
		at io.netty.util.concurrent.DefaultPromise.setSuccess0(DefaultPromise.java:625)
		at io.netty.util.concurrent.DefaultPromise.trySuccess(DefaultPromise.java:105)
		at io.netty.resolver.dns.DnsQueryContext.trySuccess(DnsQueryContext.java:345)
		at io.netty.resolver.dns.DnsQueryContext.finishSuccess(DnsQueryContext.java:336)
		at io.netty.resolver.dns.DnsNameResolver$DnsResponseHandler.channelRead(DnsNameResolver.java:1401)
		at io.netty.channel.AbstractChannelHandlerContext.invokeChannelRead(AbstractChannelHandlerContext.java:444)
		at io.netty.channel.AbstractChannelHandlerContext.invokeChannelRead(AbstractChannelHandlerContext.java:420)
		at io.netty.channel.AbstractChannelHandlerContext.fireChannelRead(AbstractChannelHandlerContext.java:412)
		at io.netty.handler.codec.MessageToMessageDecoder.channelRead(MessageToMessageDecoder.java:103)
		at io.netty.channel.AbstractChannelHandlerContext.invokeChannelRead(AbstractChannelHandlerContext.java:444)
		at io.netty.channel.AbstractChannelHandlerContext.invokeChannelRead(AbstractChannelHandlerContext.java:420)
		at io.netty.channel.AbstractChannelHandlerContext.fireChannelRead(AbstractChannelHandlerContext.java:412)
		at io.netty.channel.DefaultChannelPipeline$HeadContext.channelRead(DefaultChannelPipeline.java:1357)
		at io.netty.channel.AbstractChannelHandlerContext.invokeChannelRead(AbstractChannelHandlerContext.java:440)
		at io.netty.channel.AbstractChannelHandlerContext.invokeChannelRead(AbstractChannelHandlerContext.java:420)
		at io.netty.channel.DefaultChannelPipeline.fireChannelRead(DefaultChannelPipeline.java:868)
		at io.netty.channel.nio.AbstractNioMessageChannel$NioMessageUnsafe.read(AbstractNioMessageChannel.java:97)
		at io.netty.channel.nio.NioEventLoop.processSelectedKey(NioEventLoop.java:788)
		at io.netty.channel.nio.NioEventLoop.processSelectedKeysOptimized(NioEventLoop.java:724)
		at io.netty.channel.nio.NioEventLoop.processSelectedKeys(NioEventLoop.java:650)
		at io.netty.channel.nio.NioEventLoop.run(NioEventLoop.java:562)
		at io.netty.util.concurrent.SingleThreadEventExecutor$4.run(SingleThreadEventExecutor.java:997)
		at io.netty.util.internal.ThreadExecutorMap$2.run(ThreadExecutorMap.java:74)
		at io.netty.util.concurrent.FastThreadLocalRunnable.run(FastThreadLocalRunnable.java:30)
		at java.base/java.lang.Thread.run(Thread.java:1447)
Caused by: io.netty.resolver.dns.DnsErrorCauseException: Query failed with NXDOMAIN
	at io.netty.resolver.dns.DnsResolveContext.onResponse(..)(Unknown Source)
2025-12-03 18:19:18 INFO  o.s.c.n.e.s.EurekaServiceRegistry - Unregistering application AUTHGATEWAY with eureka with status DOWN
2025-12-03 18:19:18 INFO  c.netflix.discovery.DiscoveryClient - Saw local status change event StatusChangeEvent [timestamp=1764766158039, current=DOWN, previous=UP]
2025-12-03 18:19:18 INFO  c.netflix.discovery.DiscoveryClient - DiscoveryClient_AUTHGATEWAY/DESKTOP-CSO2FPO.mshome.net:AuthGateway:8686: registering service...
2025-12-03 18:19:18 INFO  c.netflix.discovery.DiscoveryClient - DiscoveryClient_AUTHGATEWAY/DESKTOP-CSO2FPO.mshome.net:AuthGateway:8686 - registration status: 204
2025-12-03 18:19:20 INFO  c.netflix.discovery.DiscoveryClient - Shutting down DiscoveryClient ...
2025-12-03 18:19:23 INFO  c.netflix.discovery.DiscoveryClient - Unregistering ...
2025-12-03 18:19:23 INFO  c.netflix.discovery.DiscoveryClient - DiscoveryClient_AUTHGATEWAY/DESKTOP-CSO2FPO.mshome.net:AuthGateway:8686 - deregister  status: 200
2025-12-03 18:19:23 INFO  c.netflix.discovery.DiscoveryClient - Completed shut down of DiscoveryClient
2025-12-03 18:19:27 INFO  o.h.validator.internal.util.Version - HV000001: Hibernate Validator 8.0.1.Final
2025-12-03 18:19:27 INFO  i.b.A.AuthGatewayApplication - Starting AuthGatewayApplication using Java 24.0.1 with PID 6712 (E:\AuthGateway\AuthGateway\target\classes started by Bharat in E:\AuthGateway\AuthGateway)
2025-12-03 18:19:27 INFO  i.b.A.AuthGatewayApplication - The following 1 profile is active: "dev"
2025-12-03 18:19:30 INFO  o.s.cloud.context.scope.GenericScope - BeanFactory id=4a330967-6589-36f3-b420-c4a10c511600
2025-12-03 18:19:30 WARN  o.s.c.s.PostProcessorRegistrationDelegate$BeanPostProcessorChecker - Bean 'org.springframework.cloud.client.loadbalancer.LoadBalancerAutoConfiguration$DeferringLoadBalancerInterceptorConfig' of type [org.springframework.cloud.client.loadbalancer.LoadBalancerAutoConfiguration$DeferringLoadBalancerInterceptorConfig] is not eligible for getting processed by all BeanPostProcessors (for example: not eligible for auto-proxying). The currently created BeanPostProcessor [lbRestClientPostProcessor] is declared through a non-static factory method on that class; consider declaring it as static instead.
2025-12-03 18:19:30 WARN  o.s.c.s.PostProcessorRegistrationDelegate$BeanPostProcessorChecker - Bean 'deferringLoadBalancerInterceptor' of type [org.springframework.cloud.client.loadbalancer.DeferringLoadBalancerInterceptor] is not eligible for getting processed by all BeanPostProcessors (for example: not eligible for auto-proxying). Is this bean getting eagerly injected into a currently created BeanPostProcessor [lbRestClientPostProcessor]? Check the corresponding BeanPostProcessor declaration and its dependencies.
2025-12-03 18:19:30 WARN  o.s.c.s.PostProcessorRegistrationDelegate$BeanPostProcessorChecker - Bean 'org.springframework.cloud.client.loadbalancer.reactive.LoadBalancerBeanPostProcessorAutoConfiguration' of type [org.springframework.cloud.client.loadbalancer.reactive.LoadBalancerBeanPostProcessorAutoConfiguration] is not eligible for getting processed by all BeanPostProcessors (for example: not eligible for auto-proxying). The currently created BeanPostProcessor [loadBalancerWebClientBuilderBeanPostProcessor] is declared through a non-static factory method on that class; consider declaring it as static instead.
2025-12-03 18:19:30 WARN  o.s.c.s.PostProcessorRegistrationDelegate$BeanPostProcessorChecker - Bean 'org.springframework.cloud.client.loadbalancer.reactive.LoadBalancerBeanPostProcessorAutoConfiguration$ReactorDeferringLoadBalancerFilterConfig' of type [org.springframework.cloud.client.loadbalancer.reactive.LoadBalancerBeanPostProcessorAutoConfiguration$ReactorDeferringLoadBalancerFilterConfig] is not eligible for getting processed by all BeanPostProcessors (for example: not eligible for auto-proxying). Is this bean getting eagerly injected into a currently created BeanPostProcessor [loadBalancerWebClientBuilderBeanPostProcessor]? Check the corresponding BeanPostProcessor declaration and its dependencies.
2025-12-03 18:19:30 WARN  o.s.c.s.PostProcessorRegistrationDelegate$BeanPostProcessorChecker - Bean 'reactorDeferringLoadBalancerExchangeFilterFunction' of type [org.springframework.cloud.client.loadbalancer.reactive.DeferringLoadBalancerExchangeFilterFunction] is not eligible for getting processed by all BeanPostProcessors (for example: not eligible for auto-proxying). Is this bean getting eagerly injected into a currently created BeanPostProcessor [loadBalancerWebClientBuilderBeanPostProcessor]? Check the corresponding BeanPostProcessor declaration and its dependencies.
2025-12-03 18:19:32 INFO  o.s.c.g.r.RouteDefinitionRouteLocator - Loaded RoutePredicateFactory [After]
2025-12-03 18:19:32 INFO  o.s.c.g.r.RouteDefinitionRouteLocator - Loaded RoutePredicateFactory [Before]
2025-12-03 18:19:32 INFO  o.s.c.g.r.RouteDefinitionRouteLocator - Loaded RoutePredicateFactory [Between]
2025-12-03 18:19:32 INFO  o.s.c.g.r.RouteDefinitionRouteLocator - Loaded RoutePredicateFactory [Cookie]
2025-12-03 18:19:32 INFO  o.s.c.g.r.RouteDefinitionRouteLocator - Loaded RoutePredicateFactory [Header]
2025-12-03 18:19:32 INFO  o.s.c.g.r.RouteDefinitionRouteLocator - Loaded RoutePredicateFactory [Host]
2025-12-03 18:19:32 INFO  o.s.c.g.r.RouteDefinitionRouteLocator - Loaded RoutePredicateFactory [Method]
2025-12-03 18:19:32 INFO  o.s.c.g.r.RouteDefinitionRouteLocator - Loaded RoutePredicateFactory [Path]
2025-12-03 18:19:32 INFO  o.s.c.g.r.RouteDefinitionRouteLocator - Loaded RoutePredicateFactory [Query]
2025-12-03 18:19:32 INFO  o.s.c.g.r.RouteDefinitionRouteLocator - Loaded RoutePredicateFactory [ReadBody]
2025-12-03 18:19:32 INFO  o.s.c.g.r.RouteDefinitionRouteLocator - Loaded RoutePredicateFactory [RemoteAddr]
2025-12-03 18:19:32 INFO  o.s.c.g.r.RouteDefinitionRouteLocator - Loaded RoutePredicateFactory [XForwardedRemoteAddr]
2025-12-03 18:19:32 INFO  o.s.c.g.r.RouteDefinitionRouteLocator - Loaded RoutePredicateFactory [Weight]
2025-12-03 18:19:32 INFO  o.s.c.g.r.RouteDefinitionRouteLocator - Loaded RoutePredicateFactory [CloudFoundryRouteService]
2025-12-03 18:19:33 INFO  o.s.b.a.e.web.EndpointLinksResolver - Exposing 27 endpoints beneath base path '/actuator'
2025-12-03 18:19:33 INFO  o.s.c.n.e.c.DiscoveryClientOptionalArgsConfiguration - Eureka HTTP Client uses RestTemplate.
2025-12-03 18:19:33 WARN  o.s.c.l.c.LoadBalancerCacheAutoConfiguration$LoadBalancerCaffeineWarnLogger - Spring Cloud LoadBalancer is currently working with the default cache. While this cache implementation is useful for development and tests, it's recommended to use Caffeine cache in production.You can switch to using Caffeine cache, by adding it and org.springframework.cache.caffeine.CaffeineCacheManager to the classpath.
2025-12-03 18:19:33 INFO  o.s.c.n.eureka.InstanceInfoFactory - Setting initial instance status as: STARTING
2025-12-03 18:19:33 INFO  c.netflix.discovery.DiscoveryClient - Initializing Eureka in region us-east-1
2025-12-03 18:19:33 INFO  c.n.d.s.r.aws.ConfigClusterResolver - Resolving eureka endpoints via configuration
2025-12-03 18:19:33 INFO  c.netflix.discovery.DiscoveryClient - Disable delta property : false
2025-12-03 18:19:33 INFO  c.netflix.discovery.DiscoveryClient - Single vip registry refresh property : null
2025-12-03 18:19:33 INFO  c.netflix.discovery.DiscoveryClient - Force full registry fetch : false
2025-12-03 18:19:33 INFO  c.netflix.discovery.DiscoveryClient - Application is null : false
2025-12-03 18:19:33 INFO  c.netflix.discovery.DiscoveryClient - Registered Applications size is zero : true
2025-12-03 18:19:33 INFO  c.netflix.discovery.DiscoveryClient - Application version is -1: true
2025-12-03 18:19:33 INFO  c.netflix.discovery.DiscoveryClient - Getting all instance registry info from the eureka server
2025-12-03 18:19:34 INFO  c.netflix.discovery.DiscoveryClient - The response status is 200
2025-12-03 18:19:34 INFO  c.netflix.discovery.DiscoveryClient - Starting heartbeat executor: renew interval is: 30
2025-12-03 18:19:34 INFO  c.n.discovery.InstanceInfoReplicator - InstanceInfoReplicator onDemand update allowed rate per min is 4
2025-12-03 18:19:34 INFO  c.netflix.discovery.DiscoveryClient - Discovery Client initialized at timestamp 1764766174330 with initial instances count: 2
2025-12-03 18:19:34 INFO  o.s.c.n.e.s.EurekaServiceRegistry - Registering application AUTHGATEWAY with eureka with status UP
2025-12-03 18:19:34 INFO  c.netflix.discovery.DiscoveryClient - Saw local status change event StatusChangeEvent [timestamp=1764766174341, current=UP, previous=STARTING]
2025-12-03 18:19:34 INFO  c.netflix.discovery.DiscoveryClient - DiscoveryClient_AUTHGATEWAY/DESKTOP-CSO2FPO.mshome.net:AuthGateway:8686: registering service...
2025-12-03 18:19:34 INFO  c.netflix.discovery.DiscoveryClient - DiscoveryClient_AUTHGATEWAY/DESKTOP-CSO2FPO.mshome.net:AuthGateway:8686 - registration status: 204
2025-12-03 18:19:34 INFO  o.s.b.w.e.netty.NettyWebServer - Netty started on port 8686 (http)
2025-12-03 18:19:34 INFO  o.s.c.n.e.s.EurekaAutoServiceRegistration - Updating port to 8686
2025-12-03 18:19:34 INFO  i.b.A.AuthGatewayApplication - Started AuthGatewayApplication in 7.84 seconds (process running for 9.452)
2025-12-03 18:19:43 ERROR o.s.b.a.w.r.e.AbstractErrorWebExceptionHandler - [322c846a-1]  500 Server Error for HTTP POST "/recommendservice/api/recommend"
java.net.UnknownHostException: Failed to resolve 'DESKTOP-CSO2FPO.mshome.net' [A(1)] after 2 queries 
	at io.netty.resolver.dns.DnsResolveContext.finishResolve(DnsResolveContext.java:1151)
	Suppressed: reactor.core.publisher.FluxOnAssembly$OnAssemblyException: 
Error has been observed at the following site(s):
	*__checkpoint ⇢ org.springframework.cloud.gateway.filter.WeightCalculatorWebFilter [DefaultWebFilterChain]
	*__checkpoint ⇢ HTTP POST "/recommendservice/api/recommend" [ExceptionHandlingWebHandler]
Original Stack Trace:
		at io.netty.resolver.dns.DnsResolveContext.finishResolve(DnsResolveContext.java:1151)
		at io.netty.resolver.dns.DnsResolveContext.tryToFinishResolve(DnsResolveContext.java:1098)
		at io.netty.resolver.dns.DnsResolveContext.query(DnsResolveContext.java:457)
		at io.netty.resolver.dns.DnsResolveContext.onResponse(DnsResolveContext.java:688)
		at io.netty.resolver.dns.DnsResolveContext.access$500(DnsResolveContext.java:69)
		at io.netty.resolver.dns.DnsResolveContext$2.operationComplete(DnsResolveContext.java:515)
		at io.netty.util.concurrent.DefaultPromise.notifyListener0(DefaultPromise.java:590)
		at io.netty.util.concurrent.DefaultPromise.notifyListeners0(DefaultPromise.java:583)
		at io.netty.util.concurrent.DefaultPromise.notifyListenersNow(DefaultPromise.java:559)
		at io.netty.util.concurrent.DefaultPromise.notifyListeners(DefaultPromise.java:492)
		at io.netty.util.concurrent.DefaultPromise.setValue0(DefaultPromise.java:636)
		at io.netty.util.concurrent.DefaultPromise.setSuccess0(DefaultPromise.java:625)
		at io.netty.util.concurrent.DefaultPromise.trySuccess(DefaultPromise.java:105)
		at io.netty.resolver.dns.DnsQueryContext.trySuccess(DnsQueryContext.java:345)
		at io.netty.resolver.dns.DnsQueryContext.finishSuccess(DnsQueryContext.java:336)
		at io.netty.resolver.dns.DnsNameResolver$DnsResponseHandler.channelRead(DnsNameResolver.java:1401)
		at io.netty.channel.AbstractChannelHandlerContext.invokeChannelRead(AbstractChannelHandlerContext.java:444)
		at io.netty.channel.AbstractChannelHandlerContext.invokeChannelRead(AbstractChannelHandlerContext.java:420)
		at io.netty.channel.AbstractChannelHandlerContext.fireChannelRead(AbstractChannelHandlerContext.java:412)
		at io.netty.handler.codec.MessageToMessageDecoder.channelRead(MessageToMessageDecoder.java:103)
		at io.netty.channel.AbstractChannelHandlerContext.invokeChannelRead(AbstractChannelHandlerContext.java:444)
		at io.netty.channel.AbstractChannelHandlerContext.invokeChannelRead(AbstractChannelHandlerContext.java:420)
		at io.netty.channel.AbstractChannelHandlerContext.fireChannelRead(AbstractChannelHandlerContext.java:412)
		at io.netty.channel.DefaultChannelPipeline$HeadContext.channelRead(DefaultChannelPipeline.java:1357)
		at io.netty.channel.AbstractChannelHandlerContext.invokeChannelRead(AbstractChannelHandlerContext.java:440)
		at io.netty.channel.AbstractChannelHandlerContext.invokeChannelRead(AbstractChannelHandlerContext.java:420)
		at io.netty.channel.DefaultChannelPipeline.fireChannelRead(DefaultChannelPipeline.java:868)
		at io.netty.channel.nio.AbstractNioMessageChannel$NioMessageUnsafe.read(AbstractNioMessageChannel.java:97)
		at io.netty.channel.nio.NioEventLoop.processSelectedKey(NioEventLoop.java:788)
		at io.netty.channel.nio.NioEventLoop.processSelectedKeysOptimized(NioEventLoop.java:724)
		at io.netty.channel.nio.NioEventLoop.processSelectedKeys(NioEventLoop.java:650)
		at io.netty.channel.nio.NioEventLoop.run(NioEventLoop.java:562)
		at io.netty.util.concurrent.SingleThreadEventExecutor$4.run(SingleThreadEventExecutor.java:997)
		at io.netty.util.internal.ThreadExecutorMap$2.run(ThreadExecutorMap.java:74)
		at io.netty.util.concurrent.FastThreadLocalRunnable.run(FastThreadLocalRunnable.java:30)
		at java.base/java.lang.Thread.run(Thread.java:1447)
Caused by: io.netty.resolver.dns.DnsErrorCauseException: Query failed with NXDOMAIN
	at io.netty.resolver.dns.DnsResolveContext.onResponse(..)(Unknown Source)
2025-12-03 18:23:12 WARN  o.s.c.l.core.RoundRobinLoadBalancer - No servers available for service: recommendservice
2025-12-03 18:23:25 WARN  o.s.c.l.core.RoundRobinLoadBalancer - No servers available for service: recommendservice
2025-12-03 18:23:28 WARN  o.s.c.l.core.RoundRobinLoadBalancer - No servers available for service: recommendservice
2025-12-03 18:23:30 WARN  o.s.c.l.core.RoundRobinLoadBalancer - No servers available for service: recommendservice
2025-12-03 18:24:33 INFO  c.n.d.s.r.aws.ConfigClusterResolver - Resolving eureka endpoints via configuration
2025-12-03 18:29:34 INFO  c.n.d.s.r.aws.ConfigClusterResolver - Resolving eureka endpoints via configuration
2025-12-03 18:30:36 INFO  i.b.A.AuthController.AuthController - User Service called
2025-12-03 18:34:34 INFO  c.n.d.s.r.aws.ConfigClusterResolver - Resolving eureka endpoints via configuration
2025-12-03 18:34:53 WARN  o.s.c.l.core.RoundRobinLoadBalancer - No servers available for service: recommendservice
2025-12-03 18:35:06 WARN  o.s.c.l.core.RoundRobinLoadBalancer - No servers available for service: recommendservice
2025-12-03 18:39:34 INFO  c.n.d.s.r.aws.ConfigClusterResolver - Resolving eureka endpoints via configuration
2025-12-03 18:42:11 INFO  i.b.A.AuthController.AuthController - User Service called
2025-12-03 18:42:27 WARN  o.s.c.l.core.RoundRobinLoadBalancer - No servers available for service: recommendservice
2025-12-03 18:42:31 WARN  o.s.c.l.core.RoundRobinLoadBalancer - No servers available for service: recommendservice
2025-12-03 18:42:33 WARN  o.s.c.l.core.RoundRobinLoadBalancer - No servers available for service: recommendservice
2025-12-03 18:44:35 INFO  c.n.d.s.r.aws.ConfigClusterResolver - Resolving eureka endpoints via configuration
2025-12-03 18:45:09 INFO  i.b.A.AuthController.AuthController - User Service called
2025-12-03 18:45:58 INFO  i.b.A.AuthController.AuthController - User Service called
2025-12-03 18:46:06 INFO  i.b.A.AuthController.AuthController - User Service called
2025-12-03 18:49:35 INFO  c.n.d.s.r.aws.ConfigClusterResolver - Resolving eureka endpoints via configuration
2025-12-03 18:50:15 INFO  i.b.A.AuthController.AuthController - User Service called
2025-12-03 18:50:22 INFO  i.b.A.AuthController.AuthController - User Service called
2025-12-03 18:54:15 INFO  i.b.A.AuthController.AuthController - User Service called
2025-12-03 18:54:35 INFO  c.n.d.s.r.aws.ConfigClusterResolver - Resolving eureka endpoints via configuration
2025-12-03 18:59:35 INFO  c.n.d.s.r.aws.ConfigClusterResolver - Resolving eureka endpoints via configuration
2025-12-03 19:04:35 INFO  c.n.d.s.r.aws.ConfigClusterResolver - Resolving eureka endpoints via configuration
2025-12-03 19:06:47 INFO  i.b.A.AuthController.AuthController - User Service called
2025-12-03 19:09:35 INFO  c.n.d.s.r.aws.ConfigClusterResolver - Resolving eureka endpoints via configuration
2025-12-03 19:14:35 INFO  c.n.d.s.r.aws.ConfigClusterResolver - Resolving eureka endpoints via configuration
2025-12-03 19:19:09 INFO  i.b.A.AuthController.AuthController - User Service called
2025-12-03 19:19:36 INFO  c.n.d.s.r.aws.ConfigClusterResolver - Resolving eureka endpoints via configuration
2025-12-03 19:24:36 INFO  c.n.d.s.r.aws.ConfigClusterResolver - Resolving eureka endpoints via configuration
2025-12-03 19:26:25 INFO  o.s.c.n.e.s.EurekaServiceRegistry - Unregistering application AUTHGATEWAY with eureka with status DOWN
2025-12-03 19:26:25 INFO  c.netflix.discovery.DiscoveryClient - Saw local status change event StatusChangeEvent [timestamp=1764770185936, current=DOWN, previous=UP]
2025-12-03 19:26:25 INFO  c.netflix.discovery.DiscoveryClient - DiscoveryClient_AUTHGATEWAY/DESKTOP-CSO2FPO.mshome.net:AuthGateway:8686: registering service...
2025-12-03 19:26:26 INFO  c.netflix.discovery.DiscoveryClient - DiscoveryClient_AUTHGATEWAY/DESKTOP-CSO2FPO.mshome.net:AuthGateway:8686 - registration status: 204
2025-12-03 19:26:28 INFO  c.netflix.discovery.DiscoveryClient - Shutting down DiscoveryClient ...
